charge	min	max	sample1.peak.table	sample2.peak.table	sample.peak.table
pos	500.9168393393281	500.9170897977478	0	0	1
pos	501.1385440338876	501.1387946031597	0	0	1
pos	501.2367767904695	501.2370274088579	0	0	1
pos	502.1696934542655	502.16994453911224	0	0	1
pos	502.30404178198467	502.3042929340056	0	0	1
pos	502.3088136918559	502.3090648462628	0	0	1
pos	502.3326739212205	502.3329250875575	0	0	1
pos	503.2082482391329	503.2084998432571	0	0	1
pos	504.18642791785214	504.18668001106613	0	0	1
pos	504.1919739976769	504.1922260936639	0	0	2
pos	504.1922260936639	504.192478189777	0	0	1
pos	504.872082899108	504.8723353351495	0	0	1
pos	505.1766124954519	505.1768650837582	0	0	1
pos	506.17127257118767	506.171525656824	0	0	1
pos	506.1968348595079	506.19708795792536	0	0	1
pos	506.2082244135785	506.2084775176907	0	0	1
pos	509.16116337255494	509.16141795313666	0	0	1
pos	509.16141795313666	509.16167253384566	0	0	1
pos	510.7420116328286	510.74226700383446	0	0	1
pos	511.06106955484023	511.061325085375	0	0	1
pos	512.1377298251034	512.1379858939683	0	0	1
pos	513.292363333528	513.2926199797097	0	0	1
pos	515.1649244030378	515.1651819855001	0	0	1
pos	515.1716215889134	515.1718791747242	0	0	1
pos	515.986235923342	515.98649391646	0	0	1
pos	516.2282901647916	516.2285482789367	0	0	1
pos	516.7078306045885	516.7080889585038	0	0	1
pos	516.7217819008706	516.7220402617615	0	0	1
pos	516.7228153452096	516.7230737066174	0	0	1
pos	516.7246238777764	516.7248822400884	0	0	1
pos	516.8468436727073	516.8471020961292	0	0	1
pos	516.9701263149913	516.9703848000545	0	0	1
pos	516.9714187415997	516.9716772273091	0	0	1
pos	516.9719357131478	516.9721941991157	0	0	1
pos	517.152648937322	517.1529075136466	0	0	1
pos	517.157820488377	517.1580790672872	0	0	1
pos	517.2180728690419	517.2183314780783	0	0	1
pos	517.341961401598	517.3422200725788	0	0	1
pos	517.4661383419443	517.4663970750136	0	0	1
pos	517.7138050767985	517.714063933701	0	0	1
pos	517.714322790733	517.7145816478944	0	0	2
pos	517.9628852537872	517.96314423523	0	0	1
pos	518.0872112337057	518.0874702773114	0	0	1
pos	518.218822066342	518.2190811757531	0	0	1
pos	518.3356935582818	518.3359527261287	0	0	1
pos	518.3362118941051	518.3364710622111	0	0	1
pos	518.4606274831451	518.4608867134589	0	0	2
pos	518.585072935504	518.5853322280404	0	0	1
pos	518.7100669680274	518.7103263230609	0	0	1
pos	518.8345722930325	518.8348317103187	0	0	1
pos	518.9596264621308	518.9598859419441	0	0	1
pos	519.1778948182275	519.1781544071749	0	0	1
pos	519.2090464186715	519.2093060231947	0	0	2
pos	519.2095656278477	519.2098252326306	0	0	1
pos	519.3341908468875	519.3344505139829	0	0	1
pos	519.3349698485633	519.3352295160483	0	0	1
pos	519.5850897855928	519.5853495781378	0	0	1
pos	519.709545286451	519.7098051412237	0	0	1
pos	519.7100649961263	519.7103248511588	0	0	1
pos	519.7105847063212	519.7108445616136	0	0	1
pos	519.9598456249363	519.9601056048591	0	0	2
pos	519.9606255650948	519.9608855454076	0	0	1
pos	520.0862111886436	520.0864712317492	0	0	1
pos	520.3364327671692	520.3366929353856	0	0	1
pos	520.3377336095522	520.337993778419	0	0	1
pos	520.7125115879896	520.7127719442454	0	0	1
pos	521.1818848645632	521.1821454555057	0	0	1
pos	521.467310003212	521.4675707368671	0	0	1
pos	522.2252914323532	522.2255525449989	0	0	1
pos	522.3780646339164	522.3783258229488	0	0	1
pos	523.1766066593249	523.1768682476282	0	0	1
pos	523.1771298360624	523.1773914246273	0	0	1
pos	523.1870702934797	523.1873318870148	0	0	1
pos	524.146951415781	524.1472134892567	0	0	1
pos	525.1794880409593	525.1797506307033	0	0	1
pos	525.192355092822	525.1926176889996	0	0	1
pos	525.1926176889996	525.1928802853084	0	0	1
pos	526.1169811846436	526.1172442431342	0	0	1
pos	526.1893272251555	526.1895903198191	0	0	1
pos	527.1718493321566	527.1721129180813	0	0	1
pos	527.2079618316515	527.2082254356324	0	0	1
pos	527.2082254356324	527.2084890397451	0	0	1
pos	527.2084890397451	527.2087526439897	0	0	1
pos	529.1807649926553	529.1810295830379	0	0	1
pos	529.1873797919075	529.1876443855974	0	0	1
pos	529.2209842490579	529.2212488595501	0	0	1
pos	529.7234532213797	529.7237180831064	0	0	1
pos	531.136251945506	531.136517513632	0	0	1
pos	532.0716085857921	532.0718746215964	0	0	1
pos	532.2352457224662	532.2355118400891	0	0	1
pos	536.229146019117	536.22941413369	0	0	1
pos	537.9349166906561	537.9351856581145	0	0	1
pos	538.1275318187547	538.1278008825207	0	0	1
pos	538.1321059210723	538.1323749871252	0	0	1
pos	538.2400121985902	538.2402813185963	0	0	1
pos	538.9355980784426	538.9358675462416	0	0	1
pos	539.2089076364971	539.2091772409509	0	0	1
pos	539.3377939345173	539.3380636034143	0	0	1
pos	539.9319317100135	539.9322016759794	0	1	1
pos	540.2035857190427	540.2038558208357	0	0	1
pos	540.9328119264616	540.9330823928676	0	0	1
pos	541.224453229491	541.2247238417177	0	0	1
pos	542.1827263905316	542.1829974818949	0	0	2
pos	542.732235634505	542.7325070006228	0	0	1
pos	542.8285791324897	542.8288505467793	0	0	1
pos	543.1321050599797	543.1323766260323	0	0	1
pos	544.1987760456511	544.1990481450392	0	0	1
pos	544.7301731979231	544.7304455630098	0	0	1
pos	545.1835771786382	545.1838497704268	0	0	1
pos	546.7280848085202	546.7283581725626	0	0	1
pos	547.1979258838262	547.1981994827892	0	0	1
pos	547.2345893639124	547.2348629812071	0	0	1
pos	548.6886042445796	548.6888785888817	0	0	1
pos	548.6979320278069	548.698206376773	0	0	1
pos	548.9210230216081	548.9212974821197	0	0	1
pos	549.2136758388043	549.2139504456422	0	0	1
pos	552.5086412112163	552.5089174655369	0	0	1
pos	555.3322438473523	555.3325215134743	0	0	1
pos	558.5776102135275	558.5778895023326	0	0	1
pos	559.0117935665658	559.0120730724626	0	0	1
pos	559.8822927726012	559.8825727137477	0	0	1
pos	560.1726669418499	560.1729470281834	0	0	1
pos	560.3180505753053	560.3183307343306	0	0	1
pos	560.3183307343306	560.318610893496	0	0	1
pos	560.3197315315584	560.3200116914243	0	0	1
pos	560.7547082836962	560.7549886610504	0	0	2
pos	561.1322231275407	561.1325036936523	0	0	1
pos	561.1333453928287	561.1336259595014	0	0	1
pos	561.1919868767342	561.1922674727276	0	0	1
pos	561.1925480688614	561.1928286651354	0	0	2
pos	561.2127513592011	561.2130319655768	0	0	1
pos	561.6307297212926	561.6310105366575	0	0	1
pos	562.0692535079166	562.0695345425435	0	0	1
pos	562.0695345425435	562.0698155773108	0	0	2
pos	562.2334016533902	562.233682770091	0	0	1
pos	562.9492988711231	562.9495803457726	0	0	2
pos	562.9501432954937	562.9504247705654	0	0	1
pos	563.147773428469	563.1480550023558	0	0	1
pos	563.1488997248608	563.1491812993107	0	0	1
pos	563.1750867509985	563.175368338542	0	0	1
pos	563.2297173703051	563.2299989851639	0	0	1
pos	563.5376064569485	563.5378882257518	0	0	1
pos	563.8318498048319	563.8321317207568	0	0	1
pos	563.8338232192667	563.8341051361783	0	0	1
pos	563.8343870532309	563.8346689704244	0	0	1
pos	564.7180432047443	564.7183255637659	0	0	1
pos	564.916293979349	564.916576437496	0	0	1
pos	565.1278946983346	565.128177262282	0	0	1
pos	565.1634988683243	565.1637814500738	0	0	1
pos	565.1643466139966	565.1646291961699	0	0	1
pos	565.1646291961699	565.1649117784846	0	0	1
pos	565.1914751469352	565.1917577426728	0	0	1
pos	565.1993878809992	565.1996704806932	0	0	1
pos	565.610437131582	565.6107199368006	0	0	1
pos	566.1777457690054	566.1780288578783	0	0	1
pos	566.4311669456756	566.4314501612591	0	0	1
pos	566.9278613839373	566.928144847868	0	0	1
pos	567.332508652677	567.3327923189314	0	0	1
pos	567.42953078257	567.4298144973355	0	0	1
pos	567.8345361200609	567.834820037329	0	0	1
pos	569.1756386642033	569.1759232520227	0	0	2
pos	571.172956687486	571.1732422739644	0	0	1
pos	571.1915201055939	571.191805701354	0	0	1
pos	571.3271941683762	571.3274798319733	0	0	1
pos	574.4448313767542	574.44511859917	0	1	1
pos	578.2102530385221	578.2105421436486	0	0	1
pos	578.4213382488467	578.4216274595159	0	0	1
pos	578.8153772367867	578.8156666444754	0	0	1
pos	578.9091529000934	578.90944235467	0	0	1
pos	578.9308623949537	578.931151860385	0	0	1
pos	580.153405767973	580.1536958446759	0	0	1
pos	581.1762463390203	581.1765369271435	0	0	1
pos	582.8941215080577	582.8944129551185	0	0	1
pos	583.1786431859058	583.1789347752274	0	0	1
pos	583.3267893380233	583.327081001418	0	0	1
pos	585.2131027490567	585.2133953556081	0	0	1
pos	585.3430344472865	585.3433271188038	0	0	1
pos	585.4144506359444	585.4147433431698	0	0	1
pos	585.4290861764971	585.4293788910402	0	0	1
pos	587.2291146512563	587.2294082658136	0	0	1
pos	589.9109286448978	589.9112236003622	0	0	1
pos	591.2246458176129	591.2249414299358	0	0	1
pos	593.1222635551595	593.1225601162913	0	0	1
pos	594.224120407866	594.2244175199263	0	0	1
pos	594.3923095895657	594.3926067857205	0	0	1
pos	594.7038526991149	594.7041500510413	0	0	1
pos	595.2476603668528	595.247957990683	0	0	1
pos	596.7021360205675	596.7024343716356	0	0	1
pos	603.1536970469894	603.1539986238379	0	0	1
pos	605.2036728461192	605.2039754479556	0	0	1
pos	606.2142978011575	606.2146009083065	0	0	1
pos	606.2146009083065	606.214904015607	0	0	1
pos	606.2239973050946	606.2243004170933	0	0	1
pos	607.1176230236077	607.1179265824193	0	0	1
pos	607.3981760981153	607.3984797972034	0	0	1
pos	608.1679330415013	608.1682371254678	0	0	1
pos	608.2299693189672	608.2302734339519	0	0	1
pos	608.4997790688374	608.500083318727	1	0	0
pos	610.2456302372542	610.2459353600693	0	0	1
pos	610.5624298425777	610.5627351237927	0	0	1
pos	611.6003510754135	611.6006568755892	0	0	1
pos	611.9478386651335	611.9481446390529	0	0	1
pos	612.6424872794549	612.6427936006986	0	0	1
pos	612.6427936006986	612.6430999220954	0	0	1
pos	612.6430999220954	612.6434062436455	0	0	1
pos	613.158549356448	613.1588559357227	0	0	1
pos	613.6879334486493	613.6882402926161	0	0	1
pos	613.68885398101	613.689160825437	0	0	1
pos	613.8935532943792	613.893860241156	0	0	1
pos	613.9165747285255	613.9168816868129	0	0	1
pos	613.9463503970139	613.9466573701892	0	0	1
pos	614.0375281770489	614.037835195813	0	0	1
pos	614.7370078313462	614.7373151998502	0	0	2
pos	614.7388520446752	614.7391594141013	0	0	1
pos	615.1548634741396	615.1551710515713	0	0	1
pos	615.7894150349525	615.7897229296601	0	0	1
pos	615.7900308245216	615.7903387195371	0	0	1
pos	615.7940334717305	615.7943413687473	0	0	1
pos	616.392876113011	616.3931843094491	0	0	1
pos	616.8485586885746	616.848867112854	0	0	1
pos	619.2190237965949	619.2193334061069	0	0	1
pos	623.3754858907229	623.3757975784658	0	0	1
pos	624.2344649915524	624.2347771087849	0	0	1
pos	626.6937861502603	626.6940994971534	0	0	1
pos	627.1987912323156	627.1991048317112	0	0	1
pos	628.6920443590467	628.692358705069	0	0	1
pos	629.4305620596652	629.4308767749463	0	0	1
pos	632.6599282470839	632.6602445770482	0	0	1
pos	632.8829801266437	632.8832965681338	0	0	1
pos	632.9791856270178	632.9795021166107	0	0	1
pos	634.8797042045226	634.8800216443747	0	0	1
pos	637.2296048656741	637.2299234804766	0	0	1
pos	637.2299234804766	637.2302420954384	0	0	1
pos	638.3403068080296	638.3406259781831	0	0	1
pos	639.3500011114006	639.3503207864012	0	0	1
pos	640.2556416275503	640.2559617553711	0	0	1
pos	640.256602011493	640.256922139794	0	0	1
pos	641.3482083720088	641.3485290461131	0	0	1
pos	642.2345218849317	642.2348430021927	0	0	1
pos	642.2711302868618	642.2714514224269	0	0	1
pos	642.2717725581527	642.2720936940391	0	0	1
pos	642.9754451637241	642.9757666514467	0	0	1
pos	644.1792559461628	644.1795780357909	0	0	1
pos	644.2362683188295	644.2365904369638	0	0	1
pos	644.2514080452431	644.2517301709472	0	0	1
pos	644.2881314129321	644.2884535569979	0	0	1
pos	645.2820671983477	645.2823898393814	0	0	1
pos	646.293047160035	646.2933703065587	0	0	1
pos	646.6754424841524	646.6757658218737	0	0	1
pos	647.3049637448242	647.3052873973062	0	0	1
pos	649.3393965684012	649.3397212380995	0	0	1
pos	650.2796705644731	650.2799957043085	0	0	1
pos	651.1151657258287	651.1154912834115	0	0	1
pos	651.2457273723021	651.2460529951659	0	0	1
pos	651.7972401375663	651.7975660361864	0	0	1
pos	652.2138715694808	652.2141976764167	0	0	1
pos	652.2295248863264	652.229851001089	0	0	1
pos	655.2298111817402	655.2301387966457	0	0	1
pos	655.2779723307294	655.2782999697156	0	0	1
pos	656.2885338712761	656.288862015543	0	0	1
pos	658.4815678191108	658.4818970598947	0	0	1
pos	661.2748273607214	661.2751579981351	0	0	1
pos	662.8942849730453	662.8946164201878	0	0	1
pos	664.1167932775778	664.1171253359745	0	0	1
pos	667.0790311563461	667.0793646958617	0	0	1
pos	667.2301416317619	667.2304752468327	0	0	1
pos	668.2180389963451	668.2183731053645	1	0	0
pos	670.7024024034976	670.7027377546988	0	0	1
pos	670.8399104557253	670.8402458756806	0	0	1
pos	671.9584609609203	671.9587969401508	0	0	2
pos	671.9611487994683	671.9614847800427	0	0	1
pos	673.21653519492	673.2168718031876	0	0	1
pos	673.2168718031876	673.2172084116236	0	0	2
pos	673.2178816290004	673.2182182379413	0	0	1
pos	674.4793255313326	674.4796627709954	0	0	2
pos	675.7465117910004	675.7468496642564	0	0	1
pos	675.7475254112751	675.7478632850379	0	0	2
pos	677.0184483521448	677.018786861369	0	0	2
pos	678.6662819185324	678.6666212516734	0	0	1
pos	678.7908285769515	678.7911679723659	0	0	1
pos	680.6631348965254	680.6634752280929	0	0	1
pos	680.9313689432926	680.9317094089771	0	0	1
pos	681.9088656897218	681.9092066441547	0	1	1
pos	682.2236391809851	682.2239802928048	0	0	1
pos	684.6313511545926	684.6316934702683	0	0	1
pos	685.1498131709892	685.1501557458959	0	0	1
pos	685.2406015131444	685.2409441334452	0	0	1
pos	686.2630570457102	686.2634001772387	0	0	1
pos	686.6292759753535	686.6296192899915	0	0	1
pos	687.220374603348	687.2207182135353	0	0	1
pos	688.2774442048858	688.277788343608	0	0	1
pos	689.2527351652321	689.2530797915998	0	0	1
pos	690.2356202065288	690.235965324339	0	0	1
pos	690.6029231586292	690.6032684600908	0	0	1
pos	690.6260587382928	690.6264040513223	0	0	1
pos	690.6395260743794	690.6398713941426	0	0	1
pos	690.6512670431872	690.6516123688208	0	0	1
pos	690.698578263549	690.6989236128383	0	0	1
pos	691.2268190889704	691.22716470238	0	0	1
pos	695.2333301518506	695.2336777685158	0	0	1
pos	699.2571201733768	699.257469801937	0	0	1
pos	701.2370670167102	701.2374176352437	0	0	1
pos	702.266887601286	702.2672387347299	0	0	1
pos	702.3034064197976	702.3037575715009	0	0	1
pos	704.251131084008	704.2514832095735	0	0	1
pos	705.1852346652515	705.1855872578689	0	0	1
pos	705.2427095895874	705.2430622109423	0	0	1
pos	706.2671124070883	706.2674655406446	0	0	1
pos	708.2828442272435	708.2831983686656	0	0	1
pos	709.196763849562	709.1971184479439	0	0	1
pos	709.905960199668	709.9063151526482	0	0	1
pos	710.2634877613076	710.2638428930516	0	0	1
pos	710.6563719943521	710.6567273225381	0	0	1
pos	712.1991020520845	712.1994581516356	0	0	1
pos	712.653986271421	712.6543425984141	0	0	1
pos	716.6220025493628	716.6223608603642	0	0	1
pos	716.8452650186981	716.8456234413306	0	0	1
pos	718.618779500174	718.6191388095638	0	0	1
pos	723.195441777272	723.1958033749929	0	0	1
pos	725.2275774321137	725.2279400459024	0	0	1
pos	727.3017874369799	727.3021510878737	0	0	1
pos	730.8147470229039	730.8151124302775	0	0	1
pos	731.5342224780762	731.5345882451875	0	0	1
pos	735.812625857697	735.8129937640099	0	0	1
pos	741.2244641856589	741.224834797891	0	0	1
pos	745.2323125565249	745.2326851726813	0	0	1
pos	745.4395158875712	745.4398886073293	0	0	1
pos	747.0827818628153	747.0831554042063	0	0	2
pos	747.0853966564744	747.0857701991728	0	0	1
pos	747.5999419353939	747.6003157353649	1	0	0
pos	748.6375822327942	748.6379565515854	0	0	1
pos	748.6379565515854	748.6383308705637	0	0	1
pos	748.6383308705637	748.6387051897292	0	0	1
pos	750.1993693809009	750.1997444805857	0	0	1
pos	750.2001195804579	750.2004946805177	0	0	1
pos	750.9822353211746	750.9826108122923	0	0	1
pos	750.9833617950909	750.9837372867719	0	0	1
pos	750.9848637629412	750.9852392553731	0	0	1
pos	751.7704288243056	751.77080470952	0	0	1
pos	752.5549342340062	752.5553105114733	0	0	1
pos	753.1485576566051	753.148934230884	0	0	1
pos	753.1609847072243	753.1613612877168	0	0	1
pos	755.1757437906483	755.1761213785203	0	0	1
pos	759.323947033911	759.3243266958847	0	0	1
pos	761.4355196688405	761.4359003866003	0	0	1
pos	762.4393718576029	762.4397530772889	0	0	1
pos	762.6265736546993	762.6269549679862	0	0	1
pos	764.8941759752042	764.8945584222922	0	0	1
pos	768.5940916890396	768.5944759860855	0	0	1
pos	769.1246044856172	769.1249890479195	0	0	1
pos	774.2880710376562	774.2884581816918	0	0	1
pos	776.2929707063902	776.2933588528756	0	0	1
pos	778.2372979402018	778.2376870588507	0	0	1
pos	778.2746542177124	778.2750433550395	0	0	1
pos	783.2171484050763	783.2175400136505	0	0	1
pos	786.2878803083568	786.288273452297	0	0	1
pos	788.3041437894209	788.3045379414929	0	0	1
pos	789.3055311458904	789.3059257986561	0	0	1
pos	789.3138188954073	789.3142135523168	0	0	1
pos	789.318554791345	789.3189494506225	0	0	1
pos	789.3694674673243	789.3698621520581	0	0	1
pos	790.2836914025208	790.2840865443666	0	0	1
pos	794.6183866948993	794.6187840040927	0	0	1
pos	794.7133492422817	794.7137465989563	0	0	1
pos	796.6161801447093	796.6165784527994	0	0	1
pos	799.2841233250147	799.2845229670763	0	0	1
pos	800.5840155770413	800.5844158690492	0	0	1
pos	800.8078100272955	800.8082104312006	0	0	1
pos	804.2989107677163	804.2993129171717	0	0	1
pos	808.5479449170895	808.548349191062	0	0	1
pos	817.2940755127141	817.294484159752	0	0	1
pos	818.2795082314603	818.2799173712145	0	0	1
pos	830.2629615097176	830.2633766411984	0	0	1
pos	831.2498997866543	831.2503154116042	0	0	1
pos	831.3097519191344	831.3101675740105	0	0	1
pos	832.2405079598592	832.2409240801132	0	0	1
pos	832.2525755316991	832.252991657987	0	0	1
pos	832.2638110145009	832.2642271464065	0	0	1
pos	832.2792080335795	832.2796241731836	0	0	1
pos	832.2812887336805	832.281704874325	0	0	1
pos	832.2933568968459	832.2937730435244	0	0	1
pos	837.2024940710086	837.2029126722557	0	0	1
pos	839.1562888596668	839.1567084378113	0	0	1
pos	840.1357355771308	840.1361556449987	0	0	1
pos	841.1180077194574	841.1184282784614	0	0	1
pos	841.1184282784614	841.1188488376755	0	0	1
pos	842.3174549839715	842.3178761426991	0	0	1
pos	843.0906356981446	843.0910572434625	0	0	2
pos	843.0910572434625	843.0914787889911	0	0	1
pos	845.7378715536843	845.7382944226201	0	0	1
pos	846.0660814344403	846.0665044674811	0	0	1
pos	846.0686196358578	846.0690426701676	0	0	1
pos	846.069465704689	846.0698887394219	0	0	1
pos	846.3097834964162	846.310206651308	0	0	1
pos	847.0603695800714	847.0607931102563	1	0	0
pos	847.0675696220139	847.0679931557988	0	0	1
pos	854.8106346194394	854.8110620247568	0	0	1
pos	856.3686625496817	856.3690907340131	0	0	1
pos	857.2897536295305	857.2901822744074	0	0	1
pos	859.3540162520604	859.3544459290687	0	0	1
pos	861.2949069292728	861.2953375767263	0	0	1
pos	871.3053240221599	871.305759674822	0	0	1
pos	873.3544254437063	873.354862120919	0	0	1
pos	873.3697092760658	873.3701459609205	0	0	1
pos	876.2609706204074	876.2614087508928	0	0	1
pos	878.5791124425093	878.5795517320656	0	0	1
pos	878.6762007742075	878.676640112308	0	0	1
pos	880.5792741664103	880.5797144560474	0	0	1
pos	883.2589827069223	883.2594243364138	0	0	1
pos	883.7603743107416	883.7608161909287	0	0	1
pos	884.3000746111625	884.3005167611998	0	0	1
pos	884.5455018720047	884.5459441447557	0	0	1
pos	884.7679929872193	884.7684353712158	0	0	1
pos	886.5432886812636	886.5437319529079	0	0	1
pos	889.3154011518312	889.3158458095319	0	0	1
pos	891.3052433966204	891.3056890492422	0	0	1
pos	905.2932732939049	905.2937259405417	0	0	1
pos	907.3896396242732	907.390093319093	0	0	1
pos	908.3428988812254	908.343353052675	0	0	1
pos	911.2925245821466	911.292980228409	0	0	1
pos	913.8431493887588	913.8436063103335	0	0	1
pos	919.2369707273901	919.2374303458756	0	0	1
pos	920.8663814127119	920.8668418459027	0	0	1
pos	935.5470532454666	935.5475210189933	0	0	1
pos	945.2693745385591	945.2698471732464	0	0	1
pos	955.2665740561691	955.2670516894563	0	0	1
pos	955.277082043652	955.277559682193	0	0	1
pos	957.1105826973178	957.1110612526093	0	0	1
pos	957.1148897035546	957.1153682609995	0	0	1
pos	957.1153682609995	957.1158468186837	0	0	1
pos	957.1220680903526	957.1225466513868	0	0	1
pos	959.6675625874778	959.6680424212592	0	0	1
pos	959.6690020895417	959.6694819240428	0	0	1
pos	959.6694819240428	959.6699617587838	0	0	2
pos	960.9514959160224	960.9519763917705	0	0	1
pos	962.2352225391817	962.235703656793	1	0	0
pos	962.235703656793	962.2361847746449	0	0	1
pos	962.2366658927374	962.2371470110704	0	0	1
pos	962.2371470110704	962.237628129644	0	0	1
pos	963.5259634583142	963.5264452212961	0	0	1
pos	963.5264452212961	963.5269269845187	0	0	1
pos	964.5377145276744	964.5381967965318	0	0	1
pos	964.8179533664445	964.8184357754212	0	0	1
pos	964.8184357754212	964.8189181846392	0	0	1
pos	964.8194005940984	964.8198830037987	0	0	1
pos	966.1140909826926	966.1145740397382	0	0	1
pos	966.116023212324	966.1165062703357	0	0	1
pos	966.1169893285888	966.1174723870836	0	0	1
pos	967.4110024205507	967.4114861260521	1	0	0
pos	967.4139046571862	967.4143883641386	0	0	1
pos	967.4187417375936	967.4192254469644	0	0	1
pos	994.3466881173509	994.347185290695	0	0	1
pos	1006.2370143731976	1006.2375174917048	0	0	1
pos	1016.796645780719	1016.797154179042	0	0	1
pos	1017.2975413390185	1017.2980499877892	0	0	1
pos	1027.3576724598006	1027.358186138637	0	0	1
pos	1030.2115183843846	1030.2120334901438	0	0	1
pos	1033.3429591178717	1033.3434757893513	0	0	1
pos	1036.298922386604	1036.2994405360653	0	0	1
pos	1037.3497434955364	1037.350262170408	0	0	1
pos	1044.3828485412225	1044.3833707326469	0	0	1
pos	1052.4708955122917	1052.4714217477394	0	0	1
pos	1054.3169674434728	1054.3174946019565	0	0	1
pos	1054.817359428108	1054.8178868367877	0	0	1
pos	1065.314041605789	1065.3145742628099	0	0	1
pos	1067.3464659463762	1067.3469996196093	0	0	1
pos	1091.4604091482604	1091.4609548784651	0	0	1
pos	1105.0417546764827	1105.04230719736	0	0	1
pos	1107.324915699293	1107.3254693617507	0	0	1
pos	1116.4043495667809	1116.4049077689558	0	0	1
pos	1118.8569884728406	1118.857547901335	0	0	1
pos	1120.6004052660467	1120.6009655662494	0	0	1
pos	1120.6026464685385	1120.6032067698618	0	0	1
pos	1120.6043273733487	1120.6048876755126	0	0	1
pos	1122.348783367623	1122.3493445420147	0	0	1
pos	1122.3493445420147	1122.349905716687	0	0	2
pos	1124.1026995683094	1124.1032616196592	0	0	1
pos	1124.1032616196592	1124.10382367129	0	0	2
pos	1125.3331405426939	1125.3337032092643	0	0	1
pos	1125.8627342301413	1125.8632971615084	0	0	1
pos	1125.8632971615084	1125.863860093157	0	0	1
pos	1125.864423025087	1125.8649859572986	0	0	1
pos	1127.627216059742	1127.6277798733502	0	0	1
pos	1127.6300351306018	1127.6305989456193	0	0	1
pos	1127.6322903923638	1127.6328542085091	0	0	2
pos	1129.3995455171516	1129.4001102169245	0	0	1
pos	1146.4137735947356	1146.4143468016225	0	0	1
pos	1159.4098310227864	1159.410410727702	0	0	2
pos	1160.3864649616723	1160.3870451549049	0	0	1
pos	1164.4415410856288	1164.4421233063995	0	0	1
pos	1173.4282661155119	1173.428852829645	0	0	1
pos	1174.4090748625856	1174.4096620671232	0	0	1
pos	1188.4264285397235	1188.4270227529378	0	0	1
pos	1199.4061997946078	1199.4067994977079	0	0	1
pos	1203.4134976284342	1203.4140993351832	0	0	1
pos	1225.3114976645302	1225.312110320279	0	0	1
pos	1287.387000538316	1287.3876442318162	0	0	1
pos	1295.4862166591545	1295.4868644022629	0	0	1
pos	1296.4925521141233	1296.4932003603994	0	0	1
pos	1296.9976341953254	1296.9982826941425	0	0	1
pos	1343.8633628738467	1343.8640348055283	0	0	2
pos	1343.8660506025885	1343.866722535614	0	0	1
pos	1343.8673944689754	1343.8680664026726	0	0	1
pos	1343.874785758124	1343.875457695517	0	0	1
pos	1353.982934345506	1353.9836113369734	0	0	1
pos	1353.9849653209233	1353.985642313406	0	0	1
pos	1353.986996299387	1353.9876732928853	0	0	1
pos	1353.992412256851	1353.9930892530572	0	0	1
pos	1407.429598364482	1407.4303020792813	0	0	1
